2026-07-01 20:03:42,898 - INFO - ---------------------ETL Pipeline Started---------------------
2026-07-01 20:03:42,898 - INFO - Step 1: Creating master table by merging 3 tables...
2026-07-01 20:04:11,702 - INFO - Master table created with 6191 rows and 15 columns
2026-07-01 20:04:11,702 - INFO - Step 2: Cleaning data...
2026-07-01 20:04:11,702 - INFO - Shape before cleaning: (6191, 15)
2026-07-01 20:04:11,710 - INFO - After removing duplicates: 6001 rows
2026-07-01 20:04:11,740 - INFO - Shape after cleaning: (6001, 15)
2026-07-01 20:04:11,740 - INFO - Data cleaning complete
2026-07-01 20:04:11,740 - INFO - Step 3: Defining churn label...
2026-07-01 20:04:11,788 - INFO - Churn label created. Churn rate: 92.48%
2026-07-01 20:04:11,788 - INFO - Total churned customers: 5550
2026-07-01 20:04:11,788 - INFO - Total active customers: 451
2026-07-01 20:04:11,788 - INFO - Step 4: Saving clean master table to database...
2026-07-01 20:04:13,261 - INFO - Step 5: Saving clean master table to CSV...
2026-07-01 20:04:13,301 - INFO - Total time taken: 0.51 minutes
2026-07-01 20:04:13,301 - INFO - ---------------------ETL Pipeline Complete---------------------
2026-07-01 20:09:19,415 - INFO - ---------------------ETL Pipeline Started---------------------
2026-07-01 20:09:19,415 - INFO - Step 1: Creating master table by merging 3 tables...
2026-07-01 20:09:48,540 - INFO - Master table created with 6191 rows and 15 columns
2026-07-01 20:09:48,540 - INFO - Step 2: Cleaning data...
2026-07-01 20:09:48,540 - INFO - Shape before cleaning: (6191, 15)
2026-07-01 20:09:48,548 - INFO - After removing duplicates: 6001 rows
2026-07-01 20:09:48,575 - INFO - Shape after cleaning: (6001, 15)
2026-07-01 20:09:48,575 - INFO - Data cleaning complete
2026-07-01 20:09:48,575 - INFO - Step 3: Defining churn label...
2026-07-01 20:09:48,578 - INFO - Churn label created. Churn rate: 49.08%
2026-07-01 20:09:48,578 - INFO - Total churned customers: 2945
2026-07-01 20:09:48,578 - INFO - Total active customers: 3056
2026-07-01 20:09:48,578 - INFO - Step 4: Saving clean master table to database...
2026-07-01 20:09:49,948 - INFO - Step 5: Saving clean master table to CSV...
2026-07-01 20:09:49,985 - INFO - Total time taken: 0.51 minutes
2026-07-01 20:09:49,985 - INFO - ---------------------ETL Pipeline Complete---------------------
2026-07-01 20:11:49,641 - INFO - ---------------------ETL Pipeline Started---------------------
2026-07-01 20:11:49,642 - INFO - Step 1: Creating master table by merging 3 tables...
2026-07-01 20:12:19,318 - INFO - Master table created with 6191 rows and 15 columns
2026-07-01 20:12:19,318 - INFO - Step 2: Cleaning data...
2026-07-01 20:12:19,318 - INFO - Shape before cleaning: (6191, 15)
2026-07-01 20:12:19,329 - INFO - After removing duplicates: 6001 rows
2026-07-01 20:12:19,360 - INFO - Shape after cleaning: (6001, 15)
2026-07-01 20:12:19,360 - INFO - Data cleaning complete
2026-07-01 20:12:19,360 - INFO - Step 3: Defining churn label...
2026-07-01 20:12:19,363 - INFO - Churn label created. Churn rate: 56.79%
2026-07-01 20:12:19,363 - INFO - Total churned customers: 3408
2026-07-01 20:12:19,364 - INFO - Total active customers: 2593
2026-07-01 20:12:19,364 - INFO - Step 4: Saving clean master table to database...
2026-07-01 20:12:20,774 - INFO - Step 5: Saving clean master table to CSV...
2026-07-01 20:12:20,816 - INFO - Total time taken: 0.52 minutes
2026-07-01 20:12:20,816 - INFO - ---------------------ETL Pipeline Complete---------------------
2026-07-01 20:14:10,678 - INFO - ---------------------ETL Pipeline Started---------------------
2026-07-01 20:14:10,679 - INFO - Step 1: Creating master table by merging 3 tables...
2026-07-01 20:14:40,181 - INFO - Master table created with 6191 rows and 15 columns
2026-07-01 20:14:40,181 - INFO - Step 2: Cleaning data...
2026-07-01 20:14:40,181 - INFO - Shape before cleaning: (6191, 15)
2026-07-01 20:14:40,190 - INFO - After removing duplicates: 6001 rows
2026-07-01 20:14:40,219 - INFO - Shape after cleaning: (6001, 15)
2026-07-01 20:14:40,219 - INFO - Data cleaning complete
2026-07-01 20:14:40,219 - INFO - Step 3: Defining churn label...
2026-07-01 20:14:40,222 - INFO - Churn label created. Churn rate: 37.51%
2026-07-01 20:14:40,222 - INFO - Total churned customers: 2251
2026-07-01 20:14:40,222 - INFO - Total active customers: 3750
2026-07-01 20:14:40,222 - INFO - Step 4: Saving clean master table to database...
2026-07-01 20:14:41,586 - INFO - Step 5: Saving clean master table to CSV...
2026-07-01 20:14:41,625 - INFO - Total time taken: 0.52 minutes
2026-07-01 20:14:41,625 - INFO - ---------------------ETL Pipeline Complete---------------------
